Traceback (most recent call last):
  File "C:\Users\kamac\miniconda3\envs\ml_venv\lib\site-packages\jupyter_cache\executors\utils.py", line 58, in single_nb_execution
    executenb(
  File "C:\Users\kamac\miniconda3\envs\ml_venv\lib\site-packages\nbclient\client.py", line 1305, in execute
    return NotebookClient(nb=nb, resources=resources, km=km, **kwargs).execute()
  File "C:\Users\kamac\miniconda3\envs\ml_venv\lib\site-packages\jupyter_core\utils\__init__.py", line 166, in wrapped
    return loop.run_until_complete(inner)
  File "C:\Users\kamac\miniconda3\envs\ml_venv\lib\asyncio\base_events.py", line 647, in run_until_complete
    return future.result()
  File "C:\Users\kamac\miniconda3\envs\ml_venv\lib\site-packages\nbclient\client.py", line 705, in async_execute
    await self.async_execute_cell(
  File "C:\Users\kamac\miniconda3\envs\ml_venv\lib\site-packages\nbclient\client.py", line 1058, in async_execute_cell
    await self._check_raise_for_error(cell, cell_index, exec_reply)
  File "C:\Users\kamac\miniconda3\envs\ml_venv\lib\site-packages\nbclient\client.py", line 914, in _check_raise_for_error
    raise CellExecutionError.from_cell_and_msg(cell, exec_reply_content)
nbclient.exceptions.CellExecutionError: An error occurred while executing the following cell:
------------------
import numpy as np
import warnings
import mglearn
import pandas as pd
import seaborn as sns
import matplotlib.pyplot as plt
from sklearn.model_selection import train_test_split
from sklearn.preprocessing import OneHotEncoder
from sklearn.feature_selection import SelectKBest,chi2
warnings.filterwarnings("ignore")
------------------

----- stderr -----

A module that was compiled using NumPy 1.x cannot be run in
NumPy 2.0.2 as it may crash. To support both 1.x and 2.x
versions of NumPy, modules must be compiled with NumPy 2.0.
Some module may need to rebuild instead e.g. with 'pybind11>=2.12'.

If you are a user of the module, the easiest solution will be to
downgrade to 'numpy<2' or try to upgrade the affected module.
We expect that some modules will need time to support NumPy 2.

Traceback (most recent call last):  File "C:\Users\kamac\miniconda3\envs\ml_venv\lib\runpy.py", line 197, in _run_module_as_main
    return _run_code(code, main_globals, None,
  File "C:\Users\kamac\miniconda3\envs\ml_venv\lib\runpy.py", line 87, in _run_code
    exec(code, run_globals)
  File "C:\Users\kamac\miniconda3\envs\ml_venv\lib\site-packages\ipykernel_launcher.py", line 17, in <module>
    app.launch_new_instance()
  File "C:\Users\kamac\miniconda3\envs\ml_venv\lib\site-packages\traitlets\config\application.py", line 1043, in launch_instance
    app.start()
  File "C:\Users\kamac\miniconda3\envs\ml_venv\lib\site-packages\ipykernel\kernelapp.py", line 736, in start
    self.io_loop.start()
  File "C:\Users\kamac\miniconda3\envs\ml_venv\lib\site-packages\tornado\platform\asyncio.py", line 195, in start
    self.asyncio_loop.run_forever()
  File "C:\Users\kamac\miniconda3\envs\ml_venv\lib\asyncio\base_events.py", line 601, in run_forever
    self._run_once()
  File "C:\Users\kamac\miniconda3\envs\ml_venv\lib\asyncio\base_events.py", line 1905, in _run_once
    handle._run()
  File "C:\Users\kamac\miniconda3\envs\ml_venv\lib\asyncio\events.py", line 80, in _run
    self._context.run(self._callback, *self._args)
  File "C:\Users\kamac\miniconda3\envs\ml_venv\lib\site-packages\ipykernel\kernelbase.py", line 516, in dispatch_queue
    await self.process_one()
  File "C:\Users\kamac\miniconda3\envs\ml_venv\lib\site-packages\ipykernel\kernelbase.py", line 505, in process_one
    await dispatch(*args)
  File "C:\Users\kamac\miniconda3\envs\ml_venv\lib\site-packages\ipykernel\kernelbase.py", line 412, in dispatch_shell
    await result
  File "C:\Users\kamac\miniconda3\envs\ml_venv\lib\site-packages\ipykernel\kernelbase.py", line 740, in execute_request
    reply_content = await reply_content
  File "C:\Users\kamac\miniconda3\envs\ml_venv\lib\site-packages\ipykernel\ipkernel.py", line 422, in do_execute
    res = shell.run_cell(
  File "C:\Users\kamac\miniconda3\envs\ml_venv\lib\site-packages\ipykernel\zmqshell.py", line 546, in run_cell
    return super().run_cell(*args, **kwargs)
  File "C:\Users\kamac\miniconda3\envs\ml_venv\lib\site-packages\IPython\core\interactiveshell.py", line 3024, in run_cell
    result = self._run_cell(
  File "C:\Users\kamac\miniconda3\envs\ml_venv\lib\site-packages\IPython\core\interactiveshell.py", line 3079, in _run_cell
    result = runner(coro)
  File "C:\Users\kamac\miniconda3\envs\ml_venv\lib\site-packages\IPython\core\async_helpers.py", line 129, in _pseudo_sync_runner
    coro.send(None)
  File "C:\Users\kamac\miniconda3\envs\ml_venv\lib\site-packages\IPython\core\interactiveshell.py", line 3284, in run_cell_async
    has_raised = await self.run_ast_nodes(code_ast.body, cell_name,
  File "C:\Users\kamac\miniconda3\envs\ml_venv\lib\site-packages\IPython\core\interactiveshell.py", line 3466, in run_ast_nodes
    if await self.run_code(code, result, async_=asy):
  File "C:\Users\kamac\miniconda3\envs\ml_venv\lib\site-packages\IPython\core\interactiveshell.py", line 3526, in run_code
    exec(code_obj, self.user_global_ns, self.user_ns)
  File "C:\Users\kamac\AppData\Local\Temp\ipykernel_5140\2666553691.py", line 3, in <module>
    import mglearn
  File "C:\Users\kamac\miniconda3\envs\ml_venv\lib\site-packages\mglearn\__init__.py", line 1, in <module>
    from . import plots
  File "C:\Users\kamac\miniconda3\envs\ml_venv\lib\site-packages\mglearn\plots.py", line 1, in <module>
    from .plot_linear_svc_regularization import plot_linear_svc_regularization
  File "C:\Users\kamac\miniconda3\envs\ml_venv\lib\site-packages\mglearn\plot_linear_svc_regularization.py", line 1, in <module>
    import matplotlib.pyplot as plt
  File "C:\Users\kamac\miniconda3\envs\ml_venv\lib\site-packages\matplotlib\__init__.py", line 109, in <module>
    from . import _api, _version, cbook, docstring, rcsetup
  File "C:\Users\kamac\miniconda3\envs\ml_venv\lib\site-packages\matplotlib\rcsetup.py", line 27, in <module>
    from matplotlib.colors import Colormap, is_color_like
  File "C:\Users\kamac\miniconda3\envs\ml_venv\lib\site-packages\matplotlib\colors.py", line 56, in <module>
    from matplotlib import _api, cbook, scale
  File "C:\Users\kamac\miniconda3\envs\ml_venv\lib\site-packages\matplotlib\scale.py", line 23, in <module>
    from matplotlib.ticker import (
  File "C:\Users\kamac\miniconda3\envs\ml_venv\lib\site-packages\matplotlib\ticker.py", line 136, in <module>
    from matplotlib import transforms as mtransforms
  File "C:\Users\kamac\miniconda3\envs\ml_venv\lib\site-packages\matplotlib\transforms.py", line 46, in <module>
    from matplotlib._path import (
------------------

[1;31m---------------------------------------------------------------------------[0m
[1;31mImportError[0m                               Traceback (most recent call last)
Cell [1;32mIn[1], line 3[0m
[0;32m      1[0m [38;5;28;01mimport[39;00m [38;5;21;01mnumpy[39;00m [38;5;28;01mas[39;00m [38;5;21;01mnp[39;00m
[0;32m      2[0m [38;5;28;01mimport[39;00m [38;5;21;01mwarnings[39;00m
[1;32m----> 3[0m [38;5;28;01mimport[39;00m [38;5;21;01mmglearn[39;00m
[0;32m      4[0m [38;5;28;01mimport[39;00m [38;5;21;01mpandas[39;00m [38;5;28;01mas[39;00m [38;5;21;01mpd[39;00m
[0;32m      5[0m [38;5;28;01mimport[39;00m [38;5;21;01mseaborn[39;00m [38;5;28;01mas[39;00m [38;5;21;01msns[39;00m

File [1;32m~\miniconda3\envs\ml_venv\lib\site-packages\mglearn\__init__.py:1[0m
[1;32m----> 1[0m [38;5;28;01mfrom[39;00m [38;5;21;01m.[39;00m [38;5;28;01mimport[39;00m plots
[0;32m      2[0m [38;5;28;01mfrom[39;00m [38;5;21;01m.[39;00m [38;5;28;01mimport[39;00m tools
[0;32m      3[0m [38;5;28;01mfrom[39;00m [38;5;21;01m.[39;00m[38;5;21;01mplots[39;00m [38;5;28;01mimport[39;00m cm3, cm2

File [1;32m~\miniconda3\envs\ml_venv\lib\site-packages\mglearn\plots.py:1[0m
[1;32m----> 1[0m [38;5;28;01mfrom[39;00m [38;5;21;01m.[39;00m[38;5;21;01mplot_linear_svc_regularization[39;00m [38;5;28;01mimport[39;00m plot_linear_svc_regularization
[0;32m      2[0m [38;5;28;01mfrom[39;00m [38;5;21;01m.[39;00m[38;5;21;01mplot_interactive_tree[39;00m [38;5;28;01mimport[39;00m plot_tree_progressive, plot_tree_partition
[0;32m      3[0m [38;5;28;01mfrom[39;00m [38;5;21;01m.[39;00m[38;5;21;01mplot_animal_tree[39;00m [38;5;28;01mimport[39;00m plot_animal_tree

File [1;32m~\miniconda3\envs\ml_venv\lib\site-packages\mglearn\plot_linear_svc_regularization.py:1[0m
[1;32m----> 1[0m [38;5;28;01mimport[39;00m [38;5;21;01mmatplotlib[39;00m[38;5;21;01m.[39;00m[38;5;21;01mpyplot[39;00m [38;5;28;01mas[39;00m [38;5;21;01mplt[39;00m
[0;32m      2[0m [38;5;28;01mimport[39;00m [38;5;21;01mnumpy[39;00m [38;5;28;01mas[39;00m [38;5;21;01mnp[39;00m
[0;32m      3[0m [38;5;28;01mfrom[39;00m [38;5;21;01msklearn[39;00m[38;5;21;01m.[39;00m[38;5;21;01msvm[39;00m [38;5;28;01mimport[39;00m LinearSVC

File [1;32m~\miniconda3\envs\ml_venv\lib\site-packages\matplotlib\__init__.py:109[0m
[0;32m    105[0m [38;5;28;01mfrom[39;00m [38;5;21;01mpackaging[39;00m[38;5;21;01m.[39;00m[38;5;21;01mversion[39;00m [38;5;28;01mimport[39;00m parse [38;5;28;01mas[39;00m parse_version
[0;32m    107[0m [38;5;66;03m# cbook must import matplotlib only within function[39;00m
[0;32m    108[0m [38;5;66;03m# definitions, so it is safe to import from it here.[39;00m
[1;32m--> 109[0m [38;5;28;01mfrom[39;00m [38;5;21;01m.[39;00m [38;5;28;01mimport[39;00m _api, _version, cbook, docstring, rcsetup
[0;32m    110[0m [38;5;28;01mfrom[39;00m [38;5;21;01mmatplotlib[39;00m[38;5;21;01m.[39;00m[38;5;21;01mcbook[39;00m [38;5;28;01mimport[39;00m MatplotlibDeprecationWarning, sanitize_sequence
[0;32m    111[0m [38;5;28;01mfrom[39;00m [38;5;21;01mmatplotlib[39;00m[38;5;21;01m.[39;00m[38;5;21;01mcbook[39;00m [38;5;28;01mimport[39;00m mplDeprecation  [38;5;66;03m# deprecated[39;00m

File [1;32m~\miniconda3\envs\ml_venv\lib\site-packages\matplotlib\rcsetup.py:27[0m
[0;32m     25[0m [38;5;28;01mfrom[39;00m [38;5;21;01mmatplotlib[39;00m [38;5;28;01mimport[39;00m _api, cbook
[0;32m     26[0m [38;5;28;01mfrom[39;00m [38;5;21;01mmatplotlib[39;00m[38;5;21;01m.[39;00m[38;5;21;01mcbook[39;00m [38;5;28;01mimport[39;00m ls_mapper
[1;32m---> 27[0m [38;5;28;01mfrom[39;00m [38;5;21;01mmatplotlib[39;00m[38;5;21;01m.[39;00m[38;5;21;01mcolors[39;00m [38;5;28;01mimport[39;00m Colormap, is_color_like
[0;32m     28[0m [38;5;28;01mfrom[39;00m [38;5;21;01mmatplotlib[39;00m[38;5;21;01m.[39;00m[38;5;21;01mfontconfig_pattern[39;00m [38;5;28;01mimport[39;00m parse_fontconfig_pattern
[0;32m     29[0m [38;5;28;01mfrom[39;00m [38;5;21;01mmatplotlib[39;00m[38;5;21;01m.[39;00m[38;5;21;01m_enums[39;00m [38;5;28;01mimport[39;00m JoinStyle, CapStyle

File [1;32m~\miniconda3\envs\ml_venv\lib\site-packages\matplotlib\colors.py:56[0m
[0;32m     54[0m [38;5;28;01mimport[39;00m [38;5;21;01mmatplotlib[39;00m [38;5;28;01mas[39;00m [38;5;21;01mmpl[39;00m
[0;32m     55[0m [38;5;28;01mimport[39;00m [38;5;21;01mnumpy[39;00m [38;5;28;01mas[39;00m [38;5;21;01mnp[39;00m
[1;32m---> 56[0m [38;5;28;01mfrom[39;00m [38;5;21;01mmatplotlib[39;00m [38;5;28;01mimport[39;00m _api, cbook, scale
[0;32m     57[0m [38;5;28;01mfrom[39;00m [38;5;21;01m.[39;00m[38;5;21;01m_color_data[39;00m [38;5;28;01mimport[39;00m BASE_COLORS, TABLEAU_COLORS, CSS4_COLORS, XKCD_COLORS
[0;32m     60[0m [38;5;28;01mclass[39;00m [38;5;21;01m_ColorMapping[39;00m([38;5;28mdict[39m):

File [1;32m~\miniconda3\envs\ml_venv\lib\site-packages\matplotlib\scale.py:23[0m
[0;32m     21[0m [38;5;28;01mimport[39;00m [38;5;21;01mmatplotlib[39;00m [38;5;28;01mas[39;00m [38;5;21;01mmpl[39;00m
[0;32m     22[0m [38;5;28;01mfrom[39;00m [38;5;21;01mmatplotlib[39;00m [38;5;28;01mimport[39;00m _api, docstring
[1;32m---> 23[0m [38;5;28;01mfrom[39;00m [38;5;21;01mmatplotlib[39;00m[38;5;21;01m.[39;00m[38;5;21;01mticker[39;00m [38;5;28;01mimport[39;00m (
[0;32m     24[0m     NullFormatter, ScalarFormatter, LogFormatterSciNotation, LogitFormatter,
[0;32m     25[0m     NullLocator, LogLocator, AutoLocator, AutoMinorLocator,
[0;32m     26[0m     SymmetricalLogLocator, LogitLocator)
[0;32m     27[0m [38;5;28;01mfrom[39;00m [38;5;21;01mmatplotlib[39;00m[38;5;21;01m.[39;00m[38;5;21;01mtransforms[39;00m [38;5;28;01mimport[39;00m Transform, IdentityTransform
[0;32m     30[0m [38;5;28;01mclass[39;00m [38;5;21;01mScaleBase[39;00m:

File [1;32m~\miniconda3\envs\ml_venv\lib\site-packages\matplotlib\ticker.py:136[0m
[0;32m    134[0m [38;5;28;01mimport[39;00m [38;5;21;01mmatplotlib[39;00m [38;5;28;01mas[39;00m [38;5;21;01mmpl[39;00m
[0;32m    135[0m [38;5;28;01mfrom[39;00m [38;5;21;01mmatplotlib[39;00m [38;5;28;01mimport[39;00m _api, cbook
[1;32m--> 136[0m [38;5;28;01mfrom[39;00m [38;5;21;01mmatplotlib[39;00m [38;5;28;01mimport[39;00m transforms [38;5;28;01mas[39;00m mtransforms
[0;32m    138[0m _log [38;5;241m=[39m logging[38;5;241m.[39mgetLogger([38;5;18m__name__[39m)
[0;32m    140[0m __all__ [38;5;241m=[39m ([38;5;124m'[39m[38;5;124mTickHelper[39m[38;5;124m'[39m, [38;5;124m'[39m[38;5;124mFormatter[39m[38;5;124m'[39m, [38;5;124m'[39m[38;5;124mFixedFormatter[39m[38;5;124m'[39m,
[0;32m    141[0m            [38;5;124m'[39m[38;5;124mNullFormatter[39m[38;5;124m'[39m, [38;5;124m'[39m[38;5;124mFuncFormatter[39m[38;5;124m'[39m, [38;5;124m'[39m[38;5;124mFormatStrFormatter[39m[38;5;124m'[39m,
[0;32m    142[0m            [38;5;124m'[39m[38;5;124mStrMethodFormatter[39m[38;5;124m'[39m, [38;5;124m'[39m[38;5;124mScalarFormatter[39m[38;5;124m'[39m, [38;5;124m'[39m[38;5;124mLogFormatter[39m[38;5;124m'[39m,
[1;32m   (...)[0m
[0;32m    148[0m            [38;5;124m'[39m[38;5;124mMultipleLocator[39m[38;5;124m'[39m, [38;5;124m'[39m[38;5;124mMaxNLocator[39m[38;5;124m'[39m, [38;5;124m'[39m[38;5;124mAutoMinorLocator[39m[38;5;124m'[39m,
[0;32m    149[0m            [38;5;124m'[39m[38;5;124mSymmetricalLogLocator[39m[38;5;124m'[39m, [38;5;124m'[39m[38;5;124mLogitLocator[39m[38;5;124m'[39m)

File [1;32m~\miniconda3\envs\ml_venv\lib\site-packages\matplotlib\transforms.py:46[0m
[0;32m     43[0m [38;5;28;01mfrom[39;00m [38;5;21;01mnumpy[39;00m[38;5;21;01m.[39;00m[38;5;21;01mlinalg[39;00m [38;5;28;01mimport[39;00m inv
[0;32m     45[0m [38;5;28;01mfrom[39;00m [38;5;21;01mmatplotlib[39;00m [38;5;28;01mimport[39;00m _api
[1;32m---> 46[0m [38;5;28;01mfrom[39;00m [38;5;21;01mmatplotlib[39;00m[38;5;21;01m.[39;00m[38;5;21;01m_path[39;00m [38;5;28;01mimport[39;00m (
[0;32m     47[0m     affine_transform, count_bboxes_overlapping_bbox, update_path_extents)
[0;32m     48[0m [38;5;28;01mfrom[39;00m [38;5;21;01m.[39;00m[38;5;21;01mpath[39;00m [38;5;28;01mimport[39;00m Path
[0;32m     50[0m DEBUG [38;5;241m=[39m [38;5;28;01mFalse[39;00m

[1;31mImportError[0m: numpy.core.multiarray failed to import

